::1 - - [23/Dec/2021:21:38:37 +0300] "GET /report.html HTTP/1.1" 200 4178
::1 - - [23/Dec/2021:21:38:37 +0300] "GET /lab3_img/generation.png HTTP/1.1" 404 196
::1 - - [23/Dec/2021:21:38:37 +0300] "GET /lab3_img/bestPath.png HTTP/1.1" 404 196
::1 - - [23/Dec/2021:21:38:37 +0300] "GET /lab3_img/bestPathThroughput.png HTTP/1.1" 404 196
::1 - - [23/Dec/2021:21:38:37 +0300] "GET /lab3_img/drawing.png HTTP/1.1" 404 196
::1 - - [23/Dec/2021:21:40:40 +0300] "GET /report.html HTTP/1.1" 304 -
::1 - - [23/Dec/2021:21:40:40 +0300] "GET /lab3_img/generation.png HTTP/1.1" 200 15199
::1 - - [23/Dec/2021:21:40:40 +0300] "GET /lab3_img/bestPath.png HTTP/1.1" 200 19455
::1 - - [23/Dec/2021:21:40:40 +0300] "GET /lab3_img/drawing.png HTTP/1.1" 200 14802
::1 - - [23/Dec/2021:21:40:40 +0300] "GET /lab3_img/bestPathThroughput.png HTTP/1.1" 200 17096
::1 - - [23/Dec/2021:21:41:20 +0300] "GET /report.html HTTP/1.1" 304 -
::1 - - [23/Dec/2021:21:41:20 +0300] "GET /lab3_img/drawing.png HTTP/1.1" 304 -
::1 - - [23/Dec/2021:21:41:33 +0300] "GET /report.html HTTP/1.1" 200 4169
::1 - - [23/Dec/2021:21:48:28 +0300] "GET /report.html HTTP/1.1" 304 -
::1 - - [23/Dec/2021:21:48:28 +0300] "GET /lab3_img/bestPath.png HTTP/1.1" 304 -
::1 - - [23/Dec/2021:21:48:28 +0300] "GET /lab3_img/generation.png HTTP/1.1" 304 -
::1 - - [23/Dec/2021:21:48:28 +0300] "GET /lab3_img/drawing.png HTTP/1.1" 304 -
::1 - - [23/Dec/2021:21:48:28 +0300] "GET /lab3_img/bestPathThroughput.png HTTP/1.1" 304 -
::1 - - [23/Dec/2021:21:48:34 +0300] "GET /report.html HTTP/1.1" 304 -
::1 - - [23/Dec/2021:21:48:40 +0300] "GET /report.html HTTP/1.1" 200 4111
::1 - - [23/Dec/2021:22:37:09 +0300] "GET /report.html HTTP/1.1" 200 3626
::1 - - [23/Dec/2021:22:37:09 +0300] "GET /lab3_img/generation.png HTTP/1.1" 304 -
::1 - - [23/Dec/2021:22:37:09 +0300] "GET /lab3_img/bestPath.png HTTP/1.1" 304 -
::1 - - [23/Dec/2021:22:37:09 +0300] "GET /lab3_img/bestPathGraph.png HTTP/1.1" 200 36565
::1 - - [23/Dec/2021:22:37:09 +0300] "GET /lab3_img/drawing.png HTTP/1.1" 304 -
::1 - - [23/Dec/2021:22:37:09 +0300] "GET /lab3_img/bestPathThroughput.png HTTP/1.1" 304 -
::1 - - [23/Dec/2021:22:37:09 +0300] "GET /lab3_img/bestPathThroughputGraph.png HTTP/1.1" 200 33472
::1 - - [23/Dec/2021:22:37:09 +0300] "GET /lab3_img/bestPathDigraph.png HTTP/1.1" 200 143051
::1 - - [23/Dec/2021:22:37:09 +0300] "GET /lab3_img/bestPathThroughputDigraph.png HTTP/1.1" 200 132315
::1 - - [23/Dec/2021:22:38:04 +0300] "GET /report.html HTTP/1.1" 304 -
::1 - - [23/Dec/2021:22:38:04 +0300] "GET /lab3_img/bestPathGraph.png HTTP/1.1" 304 -
::1 - - [23/Dec/2021:22:38:04 +0300] "GET /lab3_img/bestPathDigraph.png HTTP/1.1" 304 -
::1 - - [23/Dec/2021:22:38:04 +0300] "GET /lab3_img/bestPathThroughputGraph.png HTTP/1.1" 304 -
::1 - - [23/Dec/2021:22:38:04 +0300] "GET /lab3_img/bestPathThroughputDigraph.png HTTP/1.1" 304 -
::1 - - [23/Dec/2021:22:38:05 +0300] "GET /report.html HTTP/1.1" 304 -
::1 - - [23/Dec/2021:22:38:22 +0300] "GET /report.html HTTP/1.1" 304 -
::1 - - [23/Dec/2021:22:38:23 +0300] "GET /report.html HTTP/1.1" 304 -
::1 - - [23/Dec/2021:22:38:39 +0300] "GET /report.html HTTP/1.1" 304 -
::1 - - [23/Dec/2021:22:38:39 +0300] "GET /lab3_img/bestPathGraph.png HTTP/1.1" 304 -
::1 - - [23/Dec/2021:22:38:39 +0300] "GET /lab3_img/bestPathDigraph.png HTTP/1.1" 304 -
::1 - - [23/Dec/2021:22:38:39 +0300] "GET /lab3_img/bestPathThroughputGraph.png HTTP/1.1" 304 -
::1 - - [23/Dec/2021:22:38:39 +0300] "GET /lab3_img/bestPathThroughputDigraph.png HTTP/1.1" 304 -
::1 - - [23/Dec/2021:23:24:23 +0300] "GET /report.html HTTP/1.1" 304 -
::1 - - [23/Dec/2021:23:24:23 +0300] "GET /lab3_img/generation.png HTTP/1.1" 304 -
::1 - - [23/Dec/2021:23:24:23 +0300] "GET /lab3_img/bestPath.png HTTP/1.1" 304 -
::1 - - [23/Dec/2021:23:24:23 +0300] "GET /lab3_img/bestPathThroughput.png HTTP/1.1" 304 -
::1 - - [23/Dec/2021:23:24:23 +0300] "GET /lab3_img/bestPathGraph.png HTTP/1.1" 304 -
::1 - - [23/Dec/2021:23:24:23 +0300] "GET /lab3_img/drawing.png HTTP/1.1" 304 -
::1 - - [23/Dec/2021:23:24:23 +0300] "GET /lab3_img/bestPathThroughputGraph.png HTTP/1.1" 304 -
::1 - - [23/Dec/2021:23:24:23 +0300] "GET /lab3_img/bestPathThroughputDigraph.png HTTP/1.1" 304 -
::1 - - [23/Dec/2021:23:24:23 +0300] "GET /lab3_img/bestPathDigraph.png HTTP/1.1" 304 -
::1 - - [23/Dec/2021:23:24:39 +0300] "GET /report.html HTTP/1.1" 304 -
::1 - - [23/Dec/2021:23:24:41 +0300] "GET /report.html HTTP/1.1" 304 -
::1 - - [23/Dec/2021:23:24:44 +0300] "GET /index.html HTTP/1.1" 200 634
::1 - - [23/Dec/2021:23:26:06 +0300] "GET /report.html HTTP/1.1" 304 -
::1 - - [23/Dec/2021:23:29:58 +0300] "GET /report.html HTTP/1.1" 304 -
::1 - - [23/Dec/2021:23:29:58 +0300] "GET /lab3_img/bestPathGraph.png HTTP/1.1" 200 39211
::1 - - [23/Dec/2021:23:29:58 +0300] "GET /lab3_img/bestPathDigraph.png HTTP/1.1" 200 54261
::1 - - [23/Dec/2021:23:29:58 +0300] "GET /lab3_img/bestPathThroughputGraph.png HTTP/1.1" 200 23538
::1 - - [23/Dec/2021:23:29:58 +0300] "GET /lab3_img/bestPathThroughputDigraph.png HTTP/1.1" 200 51081
::1 - - [23/Dec/2021:23:32:25 +0300] "GET /report.html HTTP/1.1" 200 3722
::1 - - [23/Dec/2021:23:32:25 +0300] "GET /lab3_img/bestPathGraph.png HTTP/1.1" 304 -
::1 - - [23/Dec/2021:23:32:25 +0300] "GET /lab3_img/bestPathDigraph.png HTTP/1.1" 304 -
::1 - - [23/Dec/2021:23:32:25 +0300] "GET /lab3_img/bestPathThroughputDigraph.png HTTP/1.1" 304 -
::1 - - [23/Dec/2021:23:32:25 +0300] "GET /lab3_img/bestPathThroughputGraph.png HTTP/1.1" 304 -
::1 - - [23/Dec/2021:23:33:03 +0300] "GET /report.html HTTP/1.1" 200 3817
::1 - - [23/Dec/2021:23:33:03 +0300] "GET /lab3_img/bestPathDigraph.png HTTP/1.1" 304 -
::1 - - [23/Dec/2021:23:33:03 +0300] "GET /lab3_img/bestPathGraph.png HTTP/1.1" 304 -
::1 - - [23/Dec/2021:23:33:03 +0300] "GET /lab3_img/bestPathThroughputDigraph.png HTTP/1.1" 304 -
::1 - - [23/Dec/2021:23:33:03 +0300] "GET /lab3_img/bestPathThroughputGraph.png HTTP/1.1" 304 -
::1 - - [23/Dec/2021:23:38:50 +0300] "GET /index.html HTTP/1.1" 304 -
::1 - - [23/Dec/2021:23:38:50 +0300] "GET /report.html HTTP/1.1" 200 3817
::1 - - [23/Dec/2021:23:38:50 +0300] "GET /lab3_img/bestPathThroughput.png HTTP/1.1" 200 16202
::1 - - [23/Dec/2021:23:38:50 +0300] "GET /lab3_img/drawing.png HTTP/1.1" 304 -
::1 - - [23/Dec/2021:23:38:50 +0300] "GET /lab3_img/bestPathThroughputGraph.png HTTP/1.1" 304 -
::1 - - [23/Dec/2021:23:38:50 +0300] "GET /lab3_img/bestPathGraph.png HTTP/1.1" 304 -
::1 - - [23/Dec/2021:23:38:50 +0300] "GET /lab3_img/bestPathDigraph.png HTTP/1.1" 304 -
::1 - - [23/Dec/2021:23:38:50 +0300] "GET /lab3_img/bestPathThroughputDigraph.png HTTP/1.1" 304 -
::1 - - [23/Dec/2021:23:40:31 +0300] "GET /sort.html HTTP/1.1" 200 1369
::1 - - [23/Dec/2021:23:41:36 +0300] "GET /report.html HTTP/1.1" 304 -
::1 - - [23/Dec/2021:23:41:36 +0300] "GET /lab3_img/bestPath.png HTTP/1.1" 304 -
::1 - - [23/Dec/2021:23:41:36 +0300] "GET /lab3_img/generation.png HTTP/1.1" 304 -
::1 - - [23/Dec/2021:23:41:36 +0300] "GET /lab3_img/bestPathThroughput.png HTTP/1.1" 304 -
::1 - - [23/Dec/2021:23:41:36 +0300] "GET /lab3_img/bestPathGraph.png HTTP/1.1" 304 -
::1 - - [23/Dec/2021:23:41:36 +0300] "GET /lab3_img/bestPathThroughputGraph.png HTTP/1.1" 304 -
::1 - - [23/Dec/2021:23:41:36 +0300] "GET /lab3_img/bestPathThroughputDigraph.png HTTP/1.1" 304 -
::1 - - [23/Dec/2021:23:41:36 +0300] "GET /lab3_img/bestPathDigraph.png HTTP/1.1" 304 -
::1 - - [23/Dec/2021:23:41:40 +0300] "GET /sort.html HTTP/1.1" 404 196
::1 - - [23/Dec/2021:23:42:26 +0300] "GET /task.html HTTP/1.1" 200 1369
::1 - - [23/Dec/2021:23:42:30 +0300] "GET /sort.html HTTP/1.1" 404 196
::1 - - [23/Dec/2021:23:42:47 +0300] "GET /index.html HTTP/1.1" 200 634
::1 - - [23/Dec/2021:23:42:49 +0300] "GET /task.html HTTP/1.1" 304 -
::1 - - [23/Dec/2021:23:43:45 +0300] "GET /task.html HTTP/1.1" 200 1369
::1 - - [24/Dec/2021:00:22:43 +0300] "GET /sort.html HTTP/1.1" 404 196
::1 - - [24/Dec/2021:00:22:45 +0300] "GET /sort.html HTTP/1.1" 404 196
::1 - - [24/Dec/2021:00:19:12 +0300] "POST /results.php HTTP/1.1" 200 252
::1 - - [24/Dec/2021:00:23:47 +0300] "GET /report.html HTTP/1.1" 304 -
::1 - - [24/Dec/2021:00:23:47 +0300] "GET /lab3_img/generation.png HTTP/1.1" 304 -
::1 - - [24/Dec/2021:00:23:47 +0300] "GET /lab3_img/bestPath.png HTTP/1.1" 304 -
::1 - - [24/Dec/2021:00:23:47 +0300] "GET /lab3_img/bestPathThroughput.png HTTP/1.1" 304 -
::1 - - [24/Dec/2021:00:23:47 +0300] "GET /lab3_img/bestPathGraph.png HTTP/1.1" 304 -
::1 - - [24/Dec/2021:00:23:47 +0300] "GET /lab3_img/bestPathDigraph.png HTTP/1.1" 304 -
::1 - - [24/Dec/2021:00:23:47 +0300] "GET /lab3_img/drawing.png HTTP/1.1" 304 -
::1 - - [24/Dec/2021:00:23:47 +0300] "GET /lab3_img/bestPathThroughputGraph.png HTTP/1.1" 304 -
::1 - - [24/Dec/2021:00:23:47 +0300] "GET /lab3_img/bestPathThroughputDigraph.png HTTP/1.1" 304 -
::1 - - [24/Dec/2021:00:23:50 +0300] "GET /index.html HTTP/1.1" 304 -
::1 - - [24/Dec/2021:00:23:51 +0300] "GET /task.html HTTP/1.1" 200 1655
::1 - - [24/Dec/2021:00:23:54 +0300] "POST /results.php HTTP/1.1" 200 1005
::1 - - [24/Dec/2021:00:24:15 +0300] "GET /algorithm/path.png HTTP/1.1" 404 196
::1 - - [24/Dec/2021:00:24:31 +0300] "POST /results.php HTTP/1.1" 200 850
::1 - - [24/Dec/2021:00:24:32 +0300] "GET /algorithm/path.png HTTP/1.1" 404 196
::1 - - [24/Dec/2021:00:24:34 +0300] "GET /sort.html HTTP/1.1" 404 196
::1 - - [24/Dec/2021:00:24:38 +0300] "GET /sort.html HTTP/1.1" 404 196
::1 - - [24/Dec/2021:00:24:39 +0300] "GET /sort.html HTTP/1.1" 404 196
::1 - - [24/Dec/2021:00:24:42 +0300] "GET / HTTP/1.1" 200 634
::1 - - [24/Dec/2021:00:24:46 +0300] "POST /results.php HTTP/1.1" 200 846
::1 - - [24/Dec/2021:00:24:46 +0300] "GET /algorithm/path.png HTTP/1.1" 404 196
::1 - - [24/Dec/2021:00:26:52 +0300] "GET /sort.html HTTP/1.1" 404 196
::1 - - [24/Dec/2021:00:28:15 +0300] "GET /sort.html HTTP/1.1" 404 196
::1 - - [24/Dec/2021:00:28:16 +0300] "GET /sort.html HTTP/1.1" 404 196
::1 - - [24/Dec/2021:00:28:23 +0300] "POST /results.php HTTP/1.1" 200 846
::1 - - [24/Dec/2021:00:28:23 +0300] "GET /algorithm/path.png HTTP/1.1" 404 196
::1 - - [24/Dec/2021:00:28:24 +0300] "GET /task.html HTTP/1.1" 304 -
::1 - - [24/Dec/2021:00:29:21 +0300] "POST /results.php HTTP/1.1" 200 846
::1 - - [24/Dec/2021:00:29:21 +0300] "GET /algorithm/path.png HTTP/1.1" 404 196
::1 - - [24/Dec/2021:00:29:45 +0300] "GET /task.html HTTP/1.1" 304 -
::1 - - [24/Dec/2021:00:29:48 +0300] "POST /results.php HTTP/1.1" 200 846
::1 - - [24/Dec/2021:00:29:48 +0300] "GET /algorithm/path.png HTTP/1.1" 404 196
::1 - - [24/Dec/2021:00:32:18 +0300] "GET /task.html HTTP/1.1" 304 -
::1 - - [24/Dec/2021:00:32:20 +0300] "POST /results.php HTTP/1.1" 200 908
::1 - - [24/Dec/2021:00:32:20 +0300] "GET /algorithm/path.png HTTP/1.1" 404 196
::1 - - [24/Dec/2021:00:35:02 +0300] "GET /sort.html HTTP/1.1" 404 196
::1 - - [24/Dec/2021:00:35:05 +0300] "GET /sort.html HTTP/1.1" 404 196
::1 - - [24/Dec/2021:00:35:05 +0300] "GET /sort.html HTTP/1.1" 404 196
::1 - - [24/Dec/2021:00:35:20 +0300] "GET /sort.html HTTP/1.1" 404 196
::1 - - [24/Dec/2021:00:35:26 +0300] "GET /task.html HTTP/1.1" 304 -
::1 - - [24/Dec/2021:00:35:29 +0300] "POST /results.php HTTP/1.1" 200 142
::1 - - [24/Dec/2021:00:36:10 +0300] "POST /results.php HTTP/1.1" 200 846
::1 - - [24/Dec/2021:00:36:10 +0300] "GET /algorithm/path.png HTTP/1.1" 404 196
::1 - - [24/Dec/2021:00:36:39 +0300] "POST /results.php HTTP/1.1" 200 837
::1 - - [24/Dec/2021:00:36:39 +0300] "GET /path.png HTTP/1.1" 200 28366
::1 - - [24/Dec/2021:00:37:12 +0300] "GET /task.html HTTP/1.1" 304 -
::1 - - [24/Dec/2021:00:37:43 +0300] "GET /task.html HTTP/1.1" 200 1653
::1 - - [24/Dec/2021:00:37:55 +0300] "POST /results.php HTTP/1.1" 200 837
::1 - - [24/Dec/2021:00:37:55 +0300] "GET /path.png HTTP/1.1" 200 26780
::1 - - [24/Dec/2021:00:40:35 +0300] "GET /task.html HTTP/1.1" 304 -
::1 - - [24/Dec/2021:00:40:40 +0300] "POST /results.php HTTP/1.1" 200 856
::1 - - [24/Dec/2021:00:40:41 +0300] "GET /path.png HTTP/1.1" 200 19606
::1 - - [24/Dec/2021:00:44:51 +0300] "POST /results.php HTTP/1.1" 200 794
::1 - - [24/Dec/2021:00:44:51 +0300] "GET /path.png HTTP/1.1" 200 50787
::1 - - [24/Dec/2021:00:44:55 +0300] "GET /task.html HTTP/1.1" 304 -
::1 - - [24/Dec/2021:00:45:03 +0300] "POST /results.php HTTP/1.1" 200 856
::1 - - [24/Dec/2021:00:45:03 +0300] "GET /path.png HTTP/1.1" 200 4902
::1 - - [24/Dec/2021:00:46:50 +0300] "POST /results.php HTTP/1.1" 200 794
::1 - - [24/Dec/2021:00:46:50 +0300] "GET /path.png HTTP/1.1" 200 28381
::1 - - [24/Dec/2021:00:55:17 +0300] "GET /task.html HTTP/1.1" 304 -
::1 - - [24/Dec/2021:00:55:25 +0300] "POST /results.php HTTP/1.1" 200 815
::1 - - [24/Dec/2021:00:55:26 +0300] "GET /path.png HTTP/1.1" 200 27045
::1 - - [24/Dec/2021:01:01:41 +0300] "GET /task.html HTTP/1.1" 304 -
::1 - - [24/Dec/2021:01:02:34 +0300] "POST /results.php HTTP/1.1" 200 815
::1 - - [24/Dec/2021:01:02:34 +0300] "GET /path.png HTTP/1.1" 200 57537
::1 - - [24/Dec/2021:01:02:48 +0300] "POST /results.php HTTP/1.1" 200 815
::1 - - [24/Dec/2021:01:02:49 +0300] "GET /path.png HTTP/1.1" 200 48325
::1 - - [24/Dec/2021:01:03:00 +0300] "POST /results.php HTTP/1.1" 200 794
::1 - - [24/Dec/2021:01:03:00 +0300] "GET /path.png HTTP/1.1" 200 5102
::1 - - [24/Dec/2021:01:03:11 +0300] "POST /results.php HTTP/1.1" 200 815
::1 - - [24/Dec/2021:01:03:11 +0300] "GET /path.png HTTP/1.1" 200 9434
::1 - - [24/Dec/2021:01:02:44 +0300] "POST /results.php HTTP/1.1" 200 816
::1 - - [24/Dec/2021:01:03:20 +0300] "POST /results.php HTTP/1.1" 200 816
::1 - - [24/Dec/2021:01:03:20 +0300] "GET /path.png HTTP/1.1" 200 77557
::1 - - [24/Dec/2021:01:03:37 +0300] "POST /results.php HTTP/1.1" 200 816
::1 - - [24/Dec/2021:01:03:37 +0300] "GET /path.png HTTP/1.1" 200 40020
::1 - - [24/Dec/2021:01:01:45 +0300] "POST /results.php HTTP/1.1" 200 133
::1 - - [24/Dec/2021:01:03:46 +0300] "POST /results.php HTTP/1.1" 200 815
::1 - - [24/Dec/2021:01:03:46 +0300] "GET /path.png HTTP/1.1" 200 194530
::1 - - [24/Dec/2021:01:04:08 +0300] "POST /results.php HTTP/1.1" 200 815
::1 - - [24/Dec/2021:01:04:08 +0300] "GET /path.png HTTP/1.1" 200 9205
::1 - - [24/Dec/2021:01:04:10 +0300] "GET /task.html HTTP/1.1" 304 -
::1 - - [24/Dec/2021:01:04:12 +0300] "GET /task.html HTTP/1.1" 304 -
::1 - - [24/Dec/2021:01:04:17 +0300] "POST /results.php HTTP/1.1" 200 815
::1 - - [24/Dec/2021:01:04:17 +0300] "GET /path.png HTTP/1.1" 200 15692
::1 - - [24/Dec/2021:01:04:22 +0300] "GET /task.html HTTP/1.1" 304 -
::1 - - [24/Dec/2021:01:04:27 +0300] "POST /results.php HTTP/1.1" 200 815
::1 - - [24/Dec/2021:01:04:27 +0300] "GET /path.png HTTP/1.1" 200 22784
::1 - - [24/Dec/2021:01:04:03 +0300] "POST /results.php HTTP/1.1" 200 133
::1 - - [24/Dec/2021:01:04:39 +0300] "POST /results.php HTTP/1.1" 200 815
::1 - - [24/Dec/2021:01:04:39 +0300] "POST /results.php HTTP/1.1" 200 815
::1 - - [24/Dec/2021:01:04:39 +0300] "GET /path.png HTTP/1.1" 200 15413
::1 - - [24/Dec/2021:01:04:49 +0300] "GET /task.html HTTP/1.1" 304 -
::1 - - [24/Dec/2021:01:05:00 +0300] "POST /results.php HTTP/1.1" 200 815
::1 - - [24/Dec/2021:01:05:01 +0300] "GET /path.png HTTP/1.1" 200 27098
::1 - - [24/Dec/2021:01:03:28 +0300] "POST /results.php HTTP/1.1" 200 133
::1 - - [24/Dec/2021:01:04:38 +0300] "POST /results.php HTTP/1.1" 200 133
::1 - - [24/Dec/2021:01:07:03 +0300] "GET / HTTP/1.1" 304 -
::1 - - [24/Dec/2021:01:07:04 +0300] "GET /report.html HTTP/1.1" 304 -
::1 - - [24/Dec/2021:01:07:04 +0300] "GET /lab3_img/generation.png HTTP/1.1" 304 -
::1 - - [24/Dec/2021:01:07:04 +0300] "GET /lab3_img/bestPath.png HTTP/1.1" 304 -
::1 - - [24/Dec/2021:01:07:04 +0300] "GET /lab3_img/drawing.png HTTP/1.1" 304 -
::1 - - [24/Dec/2021:01:07:04 +0300] "GET /lab3_img/bestPathThroughput.png HTTP/1.1" 304 -
::1 - - [24/Dec/2021:01:07:04 +0300] "GET /lab3_img/bestPathThroughputGraph.png HTTP/1.1" 304 -
::1 - - [24/Dec/2021:01:07:04 +0300] "GET /lab3_img/bestPathGraph.png HTTP/1.1" 304 -
::1 - - [24/Dec/2021:01:07:04 +0300] "GET /lab3_img/bestPathDigraph.png HTTP/1.1" 304 -
::1 - - [24/Dec/2021:01:07:04 +0300] "GET /lab3_img/bestPathThroughputDigraph.png HTTP/1.1" 304 -
::1 - - [24/Dec/2021:01:07:15 +0300] "GET /lab3_img/generation.png HTTP/1.1" 200 15199
::1 - - [24/Dec/2021:01:07:15 +0300] "GET /lab3_img/bestPath.png HTTP/1.1" 200 19455
::1 - - [24/Dec/2021:01:07:15 +0300] "GET /lab3_img/bestPathThroughput.png HTTP/1.1" 200 16202
::1 - - [24/Dec/2021:01:07:15 +0300] "GET /lab3_img/drawing.png HTTP/1.1" 200 14802
::1 - - [24/Dec/2021:01:07:15 +0300] "GET /lab3_img/bestPathGraph.png HTTP/1.1" 200 39211
::1 - - [24/Dec/2021:01:07:15 +0300] "GET /lab3_img/bestPathDigraph.png HTTP/1.1" 200 54261
::1 - - [24/Dec/2021:01:07:15 +0300] "GET /lab3_img/bestPathThroughputGraph.png HTTP/1.1" 200 23538
::1 - - [24/Dec/2021:01:07:15 +0300] "GET /lab3_img/bestPathThroughputDigraph.png HTTP/1.1" 200 51081
::1 - - [24/Dec/2021:01:04:53 +0300] "POST /results.php HTTP/1.1" 200 133
::1 - - [24/Dec/2021:01:04:33 +0300] "POST /results.php HTTP/1.1" 200 133
::1 - - [24/Dec/2021:01:04:46 +0300] "POST /results.php HTTP/1.1" 200 133
