AH00558: httpd.exe: Could not reliably determine the server's fully qualified domain name, using fe80::848b:7539:749f:fb6b. Set the 'ServerName' directive globally to suppress this message
[Mon Oct 25 14:37:59.441662 2021] [mpm_winnt:notice] [pid 13732:tid 776] AH00455: Apache/2.4.51 (Win64) PHP/8.0.12 configured -- resuming normal operations
[Mon Oct 25 14:37:59.441662 2021] [mpm_winnt:notice] [pid 13732:tid 776] AH00456: Apache Lounge VS16 Server built: Oct  7 2021 16:27:02
[Mon Oct 25 14:37:59.441662 2021] [core:notice] [pid 13732:tid 776] AH00094: Command line: 'C:\\Apache24\\bin\\httpd.exe -d C:/Apache24'
[Mon Oct 25 14:37:59.448612 2021] [mpm_winnt:notice] [pid 13732:tid 776] AH00418: Parent: Created child process 6964
AH00558: httpd.exe: Could not reliably determine the server's fully qualified domain name, using fe80::848b:7539:749f:fb6b. Set the 'ServerName' directive globally to suppress this message
Apache server shutdown initiated...
ly determine the server's fully qualified domain name, using fe80::848b:7539:749f:fb6b. Set the 'ServerName' directive globally to suppress this message
[Mon Oct 25 14:37:59.872192 2021] [mpm_winnt:notice] [pid 6964:tid 828] AH00354: Child: Starting 64 worker threads.
[Mon Oct 25 14:42:56.631865 2021] [mpm_winnt:notice] [pid 13732:tid 776] AH00422: Parent: Received shutdown signal -- Shutting down the server.
[Mon Oct 25 14:42:58.634191 2021] [mpm_winnt:notice] [pid 6964:tid 828] AH00364: Child: All worker threads have exited.
[Mon Oct 25 14:42:58.662265 2021] [mpm_winnt:notice] [pid 13732:tid 776] AH00430: Parent: Child process 6964 exited successfully.
AH00558: httpd.exe: Could not reliably determine the server's fully qualified domain name, using fe80::848b:7539:749f:fb6b. Set the 'ServerName' directive globally to suppress this message
[Mon Oct 25 14:43:01.846869 2021] [mpm_winnt:notice] [pid 13300:tid 776] AH00455: Apache/2.4.51 (Win64) PHP/8.0.12 configured -- resuming normal operations
[Mon Oct 25 14:43:01.846869 2021] [mpm_winnt:notice] [pid 13300:tid 776] AH00456: Apache Lounge VS16 Server built: Oct  7 2021 16:27:02
[Mon Oct 25 14:43:01.846869 2021] [core:notice] [pid 13300:tid 776] AH00094: Command line: 'C:\\Apache24\\bin\\httpd.exe -d C:/Apache24'
[Mon Oct 25 14:43:01.854850 2021] [mpm_winnt:notice] [pid 13300:tid 776] AH00418: Parent: Created child process 7272
AH00558: httpd.exe: Could not reliably determine the server's fully qualified domain name, using fe80::848b:7539:749f:fb6b. Set the 'ServerName' directive globally to suppress this message
Apache server shutdown initiated...
ly determine the server's fully qualified domain name, using fe80::848b:7539:749f:fb6b. Set the 'ServerName' directive globally to suppress this message
[Mon Oct 25 14:43:02.274706 2021] [mpm_winnt:notice] [pid 7272:tid 824] AH00354: Child: Starting 64 worker threads.
[Mon Oct 25 14:43:21.630340 2021] [php:warn] [pid 7272:tid 1284] [client ::1:50988] PHP Warning:  file_get_contents(results/array.txt): Failed to open stream: No such file or directory in C:\\localhost\\results.php on line 7, referer: http://localhost/sort.html
[Mon Oct 25 14:43:21.630340 2021] [php:warn] [pid 7272:tid 1284] [client ::1:50988] PHP Warning:  file_get_contents(results/sorted.txt): Failed to open stream: No such file or directory in C:\\localhost\\results.php on line 8, referer: http://localhost/sort.html
[Mon Oct 25 14:43:21.630340 2021] [php:warn] [pid 7272:tid 1284] [client ::1:50988] PHP Warning:  file_get_contents(results/time.txt): Failed to open stream: No such file or directory in C:\\localhost\\results.php on line 9, referer: http://localhost/sort.html
[Mon Oct 25 14:47:09.155468 2021] [php:warn] [pid 7272:tid 1284] [client ::1:51083] PHP Warning:  file_get_contents(results/array.txt): Failed to open stream: No such file or directory in C:\\localhost\\results.php on line 7, referer: http://localhost/sort.html
[Mon Oct 25 14:47:09.155468 2021] [php:warn] [pid 7272:tid 1284] [client ::1:51083] PHP Warning:  file_get_contents(results/sorted.txt): Failed to open stream: No such file or directory in C:\\localhost\\results.php on line 8, referer: http://localhost/sort.html
[Mon Oct 25 14:47:09.155468 2021] [php:warn] [pid 7272:tid 1284] [client ::1:51083] PHP Warning:  file_get_contents(results/time.txt): Failed to open stream: No such file or directory in C:\\localhost\\results.php on line 9, referer: http://localhost/sort.html
[Mon Oct 25 14:47:20.742018 2021] [mpm_winnt:notice] [pid 13300:tid 776] AH00422: Parent: Received shutdown signal -- Shutting down the server.
[Mon Oct 25 14:47:22.744009 2021] [mpm_winnt:notice] [pid 7272:tid 824] AH00364: Child: All worker threads have exited.
[Mon Oct 25 14:47:22.774922 2021] [mpm_winnt:notice] [pid 13300:tid 776] AH00430: Parent: Child process 7272 exited successfully.
AH00558: httpd.exe: Could not reliably determine the server's fully qualified domain name, using fe80::848b:7539:749f:fb6b. Set the 'ServerName' directive globally to suppress this message
[Mon Oct 25 14:47:27.110678 2021] [mpm_winnt:notice] [pid 15140:tid 800] AH00455: Apache/2.4.51 (Win64) PHP/8.0.12 configured -- resuming normal operations
[Mon Oct 25 14:47:27.110678 2021] [mpm_winnt:notice] [pid 15140:tid 800] AH00456: Apache Lounge VS16 Server built: Oct  7 2021 16:27:02
[Mon Oct 25 14:47:27.110678 2021] [core:notice] [pid 15140:tid 800] AH00094: Command line: 'C:\\Apache24\\bin\\httpd.exe -d C:/Apache24'
[Mon Oct 25 14:47:27.118621 2021] [mpm_winnt:notice] [pid 15140:tid 800] AH00418: Parent: Created child process 9916
AH00558: httpd.exe: Could not reliably determine the server's fully qualified domain name, using fe80::848b:7539:749f:fb6b. Set the 'ServerName' directive globally to suppress this message
Apache server shutdown initiated...
ly determine the server's fully qualified domain name, using fe80::848b:7539:749f:fb6b. Set the 'ServerName' directive globally to suppress this message
[Mon Oct 25 14:47:27.537911 2021] [mpm_winnt:notice] [pid 9916:tid 796] AH00354: Child: Starting 64 worker threads.
[Mon Oct 25 14:47:42.163614 2021] [php:warn] [pid 9916:tid 1340] [client ::1:51093] PHP Warning:  file_get_contents(results/array.txt): Failed to open stream: No such file or directory in C:\\localhost\\results.php on line 7, referer: http://localhost/sort.html
[Mon Oct 25 14:47:42.163614 2021] [php:warn] [pid 9916:tid 1340] [client ::1:51093] PHP Warning:  file_get_contents(results/sorted.txt): Failed to open stream: No such file or directory in C:\\localhost\\results.php on line 8, referer: http://localhost/sort.html
[Mon Oct 25 14:47:42.163614 2021] [php:warn] [pid 9916:tid 1340] [client ::1:51093] PHP Warning:  file_get_contents(results/time.txt): Failed to open stream: No such file or directory in C:\\localhost\\results.php on line 9, referer: http://localhost/sort.html
[Mon Oct 25 14:51:09.623721 2021] [php:error] [pid 9916:tid 1340] [client ::1:51170] PHP Parse error:  syntax error, unexpected token ";", expecting ")" in C:\\localhost\\results.php on line 2, referer: http://localhost/sort.html
[Mon Oct 25 14:51:19.836933 2021] [php:error] [pid 9916:tid 1340] [client ::1:51176] PHP Parse error:  syntax error, unexpected token ";", expecting ")" in C:\\localhost\\results.php on line 2, referer: http://localhost/sort.html
[Mon Oct 25 14:51:26.416324 2021] [php:error] [pid 9916:tid 1328] [client ::1:51182] PHP Parse error:  syntax error, unexpected token ";", expecting ")" in C:\\localhost\\results.php on line 2, referer: http://localhost/sort.html
"results" не является внутренней или внешней
командой, исполняемой программой или пакетным файлом.
"results" не является внутренней или внешней
командой, исполняемой программой или пакетным файлом.
"results" не является внутренней или внешней
командой, исполняемой программой или пакетным файлом.
"results" не является внутренней или внешней
командой, исполняемой программой или пакетным файлом.
[Mon Oct 25 14:57:22.954367 2021] [php:error] [pid 9916:tid 1328] [client ::1:51314] PHP Fatal error:  Uncaught Error: Undefined constant "cmd" in C:\\localhost\\results.php:9\nStack trace:\n#0 {main}\n  thrown in C:\\localhost\\results.php on line 9, referer: http://localhost/sort.html
"results" не является внутренней или внешней
командой, исполняемой программой или пакетным файлом.
[Mon Oct 25 15:36:09.427264 2021] [php:error] [pid 9916:tid 1328] [client ::1:52170] PHP Parse error:  syntax error, unexpected token "if" in C:\\localhost\\results.php on line 8, referer: http://localhost/sort.html
[Mon Oct 25 15:36:25.762683 2021] [php:error] [pid 9916:tid 1328] [client ::1:52175] PHP Parse error:  syntax error, unexpected double-quote mark in C:\\localhost\\results.php on line 76, referer: http://localhost/sort.html
[Mon Oct 25 15:45:21.155111 2021] [php:error] [pid 9916:tid 1328] [client ::1:52400] PHP Parse error:  syntax error, unexpected token "<", expecting end of file in C:\\localhost\\results.php on line 75, referer: http://localhost/sort.html
[Mon Oct 25 15:45:35.273213 2021] [php:error] [pid 9916:tid 1328] [client ::1:52404] PHP Parse error:  syntax error, unexpected token "<", expecting end of file in C:\\localhost\\results.php on line 75, referer: http://localhost/sort.html
[Mon Oct 25 15:46:02.364152 2021] [php:error] [pid 9916:tid 1328] [client ::1:52417] PHP Parse error:  syntax error, unexpected token "<", expecting end of file in C:\\localhost\\results.php on line 75, referer: http://localhost/sort.html
[Mon Oct 25 15:46:05.869819 2021] [php:error] [pid 9916:tid 1328] [client ::1:52417] PHP Parse error:  syntax error, unexpected token "<", expecting end of file in C:\\localhost\\results.php on line 75, referer: http://localhost/sort.html
[Mon Oct 25 15:48:03.191971 2021] [mpm_winnt:notice] [pid 15140:tid 800] AH00422: Parent: Received shutdown signal -- Shutting down the server.
[Mon Oct 25 15:48:05.196035 2021] [mpm_winnt:notice] [pid 9916:tid 796] AH00364: Child: All worker threads have exited.
[Mon Oct 25 15:48:05.250520 2021] [mpm_winnt:notice] [pid 15140:tid 800] AH00430: Parent: Child process 9916 exited successfully.
AH00558: httpd.exe: Could not reliably determine the server's fully qualified domain name, using fe80::848b:7539:749f:fb6b. Set the 'ServerName' directive globally to suppress this message
[Mon Oct 25 15:48:09.046399 2021] [mpm_winnt:notice] [pid 3564:tid 784] AH00455: Apache/2.4.51 (Win64) PHP/8.0.12 configured -- resuming normal operations
[Mon Oct 25 15:48:09.046399 2021] [mpm_winnt:notice] [pid 3564:tid 784] AH00456: Apache Lounge VS16 Server built: Oct  7 2021 16:27:02
[Mon Oct 25 15:48:09.046399 2021] [core:notice] [pid 3564:tid 784] AH00094: Command line: 'C:\\Apache24\\bin\\httpd.exe -d C:/Apache24'
[Mon Oct 25 15:48:09.053380 2021] [mpm_winnt:notice] [pid 3564:tid 784] AH00418: Parent: Created child process 8624
AH00558: httpd.exe: Could not reliably determine the server's fully qualified domain name, using fe80::848b:7539:749f:fb6b. Set the 'ServerName' directive globally to suppress this message
Apache server shutdown initiated...
ly determine the server's fully qualified domain name, using fe80::848b:7539:749f:fb6b. Set the 'ServerName' directive globally to suppress this message
[Mon Oct 25 15:48:09.493178 2021] [mpm_winnt:notice] [pid 8624:tid 800] AH00354: Child: Starting 64 worker threads.
[Mon Oct 25 17:35:15.703578 2021] [php:error] [pid 8624:tid 824] [client ::1:54101] PHP Parse error:  syntax error, unexpected variable "$TypeSeq", expecting ")" in C:\\localhost\\results.php on line 8, referer: http://localhost/sort.html
[Mon Oct 25 17:37:22.351610 2021] [php:error] [pid 8624:tid 824] [client ::1:54142] PHP Parse error:  syntax error, unexpected variable "$TypeSeq", expecting ")" in C:\\localhost\\results.php on line 8, referer: http://localhost/sort.html
[Mon Oct 25 17:38:25.682608 2021] [php:error] [pid 8624:tid 824] [client ::1:54156] PHP Parse error:  Unmatched ')' in C:\\localhost\\results.php on line 8, referer: http://localhost/sort.html
[Mon Oct 25 17:38:39.342981 2021] [php:error] [pid 8624:tid 824] [client ::1:54170] PHP Parse error:  syntax error, unexpected variable "$TypeSeq", expecting ")" in C:\\localhost\\results.php on line 8, referer: http://localhost/sort.html
[Mon Oct 25 17:38:42.038090 2021] [php:error] [pid 8624:tid 824] [client ::1:54170] PHP Parse error:  syntax error, unexpected variable "$TypeSeq", expecting ")" in C:\\localhost\\results.php on line 8, referer: http://localhost/sort.html
[Mon Oct 25 17:38:48.565961 2021] [php:error] [pid 8624:tid 824] [client ::1:54175] PHP Parse error:  syntax error, unexpected variable "$TypeSeq", expecting ")" in C:\\localhost\\results.php on line 8, referer: http://localhost/sort.html
[Mon Oct 25 17:39:44.368351 2021] [php:error] [pid 8624:tid 824] [client ::1:54183] PHP Parse error:  syntax error, unexpected variable "$TypeSeq", expecting ")" in C:\\localhost\\results.php on line 8, referer: http://localhost/sort.html
"C:/localhost/sorts/SequenceRandBubbleSort.exe" не является внутренней или внешней
командой, исполняемой программой или пакетным файлом.
"C:/localhost/sorts/SequenceRandBubbleSort.exe" не является внутренней или внешней
командой, исполняемой программой или пакетным файлом.
"C:/localhost/sorts/SequenceRandBubbleSort.exe" не является внутренней или внешней
командой, исполняемой программой или пакетным файлом.
"C:/localhost/sorts/SequenceRandBubbleSort.exe" не является внутренней или внешней
командой, исполняемой программой или пакетным файлом.
[Mon Oct 25 17:42:16.821538 2021] [php:warn] [pid 8624:tid 824] [client ::1:54239] PHP Warning:  Undefined array key 1 in C:\\localhost\\results.php on line 8, referer: http://localhost/sort.html
"C:/localhost/sorts/RandBubbleSort.exe" не является внутренней или внешней
командой, исполняемой программой или пакетным файлом.
[Mon Oct 25 17:51:28.415687 2021] [php:error] [pid 8624:tid 1304] [client ::1:53341] PHP Fatal error:  Maximum execution time of 30 seconds exceeded in C:\\localhost\\results.php on line 75, referer: http://localhost/sort.html
[Mon Oct 25 18:21:34.776132 2021] [mpm_winnt:notice] [pid 3564:tid 784] AH00422: Parent: Received shutdown signal -- Shutting down the server.
[Mon Oct 25 18:22:06.908643 2021] [mpm_winnt:notice] [pid 8624:tid 800] AH00362: Child: Waiting 30 more seconds for 1 worker threads to finish.
[Mon Oct 25 18:22:37.135699 2021] [mpm_winnt:notice] [pid 8624:tid 800] AH00362: Child: Waiting 0 more seconds for 1 worker threads to finish.
[Mon Oct 25 18:22:37.236514 2021] [mpm_winnt:notice] [pid 8624:tid 800] AH00363: Child: Terminating 1 threads that failed to exit.
[Mon Oct 25 18:22:37.236514 2021] [mpm_winnt:notice] [pid 8624:tid 800] AH00364: Child: All worker threads have exited.
AH00558: httpd.exe: Could not reliably determine the server's fully qualified domain name, using fe80::848b:7539:749f:fb6b. Set the 'ServerName' directive globally to suppress this message
[Thu Dec 23 18:58:57.517712 2021] [core:warn] [pid 13440:tid 584] AH00098: pid file C:/Apache24/logs/httpd.pid overwritten -- Unclean shutdown of previous Apache run?
[Thu Dec 23 18:58:57.628459 2021] [mpm_winnt:notice] [pid 13440:tid 584] AH00455: Apache/2.4.51 (Win64) PHP/8.0.12 configured -- resuming normal operations
[Thu Dec 23 18:58:57.628459 2021] [mpm_winnt:notice] [pid 13440:tid 584] AH00456: Apache Lounge VS16 Server built: Oct  7 2021 16:27:02
[Thu Dec 23 18:58:57.628459 2021] [core:notice] [pid 13440:tid 584] AH00094: Command line: 'C:\\Apache24\\bin\\httpd.exe -d C:/Apache24'
[Thu Dec 23 18:58:57.636395 2021] [mpm_winnt:notice] [pid 13440:tid 584] AH00418: Parent: Created child process 592
AH00558: httpd.exe: Could not reliably determine the server's fully qualified domain name, using fe80::848b:7539:749f:fb6b. Set the 'ServerName' directive globally to suppress this message
Apache server shutdown initiated...
ly determine the server's fully qualified domain name, using fe80::848b:7539:749f:fb6b. Set the 'ServerName' directive globally to suppress this message
[Thu Dec 23 18:58:58.301617 2021] [mpm_winnt:notice] [pid 592:tid 816] AH00354: Child: Starting 64 worker threads.
[Thu Dec 23 18:59:09.993341 2021] [mpm_winnt:notice] [pid 13440:tid 584] AH00422: Parent: Received shutdown signal -- Shutting down the server.
[Thu Dec 23 18:59:11.995063 2021] [mpm_winnt:notice] [pid 592:tid 816] AH00364: Child: All worker threads have exited.
[Thu Dec 23 18:59:12.033881 2021] [mpm_winnt:notice] [pid 13440:tid 584] AH00430: Parent: Child process 592 exited successfully.
AH00558: httpd: Could not reliably determine the server's fully qualified domain name, using fe80::848b:7539:749f:fb6b. Set the 'ServerName' directive globally to suppress this message
[Thu Dec 23 19:05:00.139124 2021] [mpm_winnt:notice] [pid 12700:tid 796] AH00455: Apache/2.4.51 (Win64) PHP/8.0.12 configured -- resuming normal operations
[Thu Dec 23 19:05:00.139124 2021] [mpm_winnt:notice] [pid 12700:tid 796] AH00456: Apache Lounge VS16 Server built: Oct  7 2021 16:27:02
[Thu Dec 23 19:05:00.139124 2021] [core:notice] [pid 12700:tid 796] AH00094: Command line: 'httpd -d C:/Apache24'
[Thu Dec 23 19:05:00.159069 2021] [mpm_winnt:notice] [pid 12700:tid 796] AH00418: Parent: Created child process 21388
AH00558: httpd.exe: Could not reliably determine the server's fully qualified domain name, using fe80::848b:7539:749f:fb6b. Set the 'ServerName' directive globally to suppress this message
Apache server interrupted...
 reliably determine the server's fully qualified domain name, using fe80::848b:7539:749f:fb6b. Set the 'ServerName' directive globally to suppress this message
[Thu Dec 23 19:05:00.782400 2021] [mpm_winnt:notice] [pid 21388:tid 828] AH00354: Child: Starting 64 worker threads.
[Thu Dec 23 19:13:39.303288 2021] [mpm_winnt:notice] [pid 12700:tid 796] AH00422: Parent: Received shutdown signal -- Shutting down the server.
[Thu Dec 23 19:13:41.304982 2021] [mpm_winnt:notice] [pid 21388:tid 828] AH00364: Child: All worker threads have exited.
[Thu Dec 23 19:13:41.350808 2021] [mpm_winnt:notice] [pid 12700:tid 796] AH00430: Parent: Child process 21388 exited successfully.
AH00558: httpd: Could not reliably determine the server's fully qualified domain name, using fe80::848b:7539:749f:fb6b. Set the 'ServerName' directive globally to suppress this message
[Thu Dec 23 21:38:33.486284 2021] [mpm_winnt:notice] [pid 19576:tid 788] AH00455: Apache/2.4.51 (Win64) PHP/8.0.12 configured -- resuming normal operations
[Thu Dec 23 21:38:33.486284 2021] [mpm_winnt:notice] [pid 19576:tid 788] AH00456: Apache Lounge VS16 Server built: Oct  7 2021 16:27:02
[Thu Dec 23 21:38:33.486284 2021] [core:notice] [pid 19576:tid 788] AH00094: Command line: 'httpd -d C:/Apache24'
[Thu Dec 23 21:38:33.529163 2021] [mpm_winnt:notice] [pid 19576:tid 788] AH00418: Parent: Created child process 13564
AH00558: httpd.exe: Could not reliably determine the server's fully qualified domain name, using fe80::848b:7539:749f:fb6b. Set the 'ServerName' directive globally to suppress this message
Apache server interrupted...
 reliably determine the server's fully qualified domain name, using fe80::848b:7539:749f:fb6b. Set the 'ServerName' directive globally to suppress this message
[Thu Dec 23 21:38:34.394579 2021] [mpm_winnt:notice] [pid 13564:tid 808] AH00354: Child: Starting 64 worker threads.
[Thu Dec 23 23:42:42.230343 2021] [mpm_winnt:notice] [pid 19576:tid 788] AH00422: Parent: Received shutdown signal -- Shutting down the server.
[Thu Dec 23 23:42:44.240043 2021] [mpm_winnt:notice] [pid 13564:tid 808] AH00364: Child: All worker threads have exited.
[Thu Dec 23 23:42:44.318561 2021] [mpm_winnt:notice] [pid 19576:tid 788] AH00430: Parent: Child process 13564 exited successfully.
AH00558: httpd: Could not reliably determine the server's fully qualified domain name, using fe80::848b:7539:749f:fb6b. Set the 'ServerName' directive globally to suppress this message
[Thu Dec 23 23:42:45.971933 2021] [mpm_winnt:notice] [pid 15160:tid 820] AH00455: Apache/2.4.51 (Win64) PHP/8.0.12 configured -- resuming normal operations
[Thu Dec 23 23:42:45.971933 2021] [mpm_winnt:notice] [pid 15160:tid 820] AH00456: Apache Lounge VS16 Server built: Oct  7 2021 16:27:02
[Thu Dec 23 23:42:45.971933 2021] [core:notice] [pid 15160:tid 820] AH00094: Command line: 'httpd -d C:/Apache24'
[Thu Dec 23 23:42:45.989218 2021] [mpm_winnt:notice] [pid 15160:tid 820] AH00418: Parent: Created child process 13824
AH00558: httpd.exe: Could not reliably determine the server's fully qualified domain name, using fe80::848b:7539:749f:fb6b. Set the 'ServerName' directive globally to suppress this message
Apache server interrupted...
 reliably determine the server's fully qualified domain name, using fe80::848b:7539:749f:fb6b. Set the 'ServerName' directive globally to suppress this message
[Thu Dec 23 23:42:46.449707 2021] [mpm_winnt:notice] [pid 13824:tid 836] AH00354: Child: Starting 64 worker threads.
[Fri Dec 24 00:19:12.803813 2021] [php:warn] [pid 13824:tid 1312] [client ::1:50997] PHP Warning:  Undefined array key "groupTypeGraph" in C:\\localhost\\results.php on line 2, referer: http://localhost/task.html
[Fri Dec 24 00:23:21.050480 2021] [php:error] [pid 13824:tid 1312] [client ::1:50997] PHP Fatal error:  Maximum execution time of 30 seconds exceeded in C:\\localhost\\results.php on line 12, referer: http://localhost/task.html
[Fri Dec 24 00:23:40.223551 2021] [mpm_winnt:notice] [pid 15160:tid 820] AH00422: Parent: Received shutdown signal -- Shutting down the server.
[Fri Dec 24 00:23:42.226871 2021] [mpm_winnt:notice] [pid 13824:tid 836] AH00364: Child: All worker threads have exited.
[Fri Dec 24 00:23:42.252276 2021] [mpm_winnt:notice] [pid 15160:tid 820] AH00430: Parent: Child process 13824 exited successfully.
AH00558: httpd: Could not reliably determine the server's fully qualified domain name, using fe80::848b:7539:749f:fb6b. Set the 'ServerName' directive globally to suppress this message
[Fri Dec 24 00:23:43.908327 2021] [mpm_winnt:notice] [pid 5756:tid 548] AH00455: Apache/2.4.51 (Win64) PHP/8.0.12 configured -- resuming normal operations
[Fri Dec 24 00:23:43.908327 2021] [mpm_winnt:notice] [pid 5756:tid 548] AH00456: Apache Lounge VS16 Server built: Oct  7 2021 16:27:02
[Fri Dec 24 00:23:43.908327 2021] [core:notice] [pid 5756:tid 548] AH00094: Command line: 'httpd -d C:/Apache24'
[Fri Dec 24 00:23:43.922450 2021] [mpm_winnt:notice] [pid 5756:tid 548] AH00418: Parent: Created child process 18268
AH00558: httpd.exe: Could not reliably determine the server's fully qualified domain name, using fe80::848b:7539:749f:fb6b. Set the 'ServerName' directive globally to suppress this message
AH00558: httpd.exe: Could not reliably determine the server's fully qualified domain name, using fe80::848b:7539:749f:fb6b. Set the 'ServerName' directive globally to suppress this message
[Fri Dec 24 00:23:44.470962 2021] [mpm_winnt:notice] [pid 18268:tid 808] AH00354: Child: Starting 64 worker threads.
[Fri Dec 24 00:24:15.271871 2021] [php:warn] [pid 18268:tid 1296] [client ::1:51045] PHP Warning:  file_get_contents(len.txt): Failed to open stream: No such file or directory in C:\\localhost\\results.php on line 12, referer: http://localhost/task.html
Системе не удается найти указанный путь.
Системе не удается найти указанный путь.
Системе не удается найти указанный путь.
Системе не удается найти указанный путь.
Системе не удается найти указанный путь.
Системе не удается найти указанный путь.
[Fri Dec 24 00:35:29.398508 2021] [php:error] [pid 18268:tid 1296] [client ::1:51191] PHP Parse error:  syntax error, unexpected identifier "system" in C:\\localhost\\results.php on line 13, referer: http://localhost/task.html
Системе не удается найти указанный путь.
Системе не удается найти указанный путь.
Системе не удается найти указанный путь.
Системе не удается найти указанный путь.
Системе не удается найти указанный путь.
Системе не удается найти указанный путь.
Системе не удается найти указанный путь.
Системе не удается найти указанный путь.
Системе не удается найти указанный путь.
Системе не удается найти указанный путь.
Системе не удается найти указанный путь.
Системе не удается найти указанный путь.
Системе не удается найти указанный путь.
Error: graph.dot: syntax error in line 9 near ']'
Системе не удается найти указанный путь.
Системе не удается найти указанный путь.
Системе не удается найти указанный путь.
[Fri Dec 24 01:03:40.002982 2021] [php:error] [pid 18268:tid 824] [client ::1:51554] PHP Fatal error:  Maximum execution time of 30 seconds exceeded in C:\\localhost\\results.php on line 12, referer: http://localhost/task.html
Системе не удается найти указанный путь.
Системе не удается найти указанный путь.
Системе не удается найти указанный путь.
Системе не удается найти указанный путь.
Системе не удается найти указанный путь.
[Fri Dec 24 01:04:37.474726 2021] [php:error] [pid 18268:tid 848] [client ::1:51589] PHP Fatal error:  Maximum execution time of 30 seconds exceeded in C:\\localhost\\results.php on line 12, referer: http://localhost/task.html
Системе не удается найти указанный путь.
Системе не удается найти указанный путь.
Системе не удается найти указанный путь.
Системе не удается найти указанный путь.
[Fri Dec 24 01:06:39.878421 2021] [php:error] [pid 18268:tid 864] [client ::1:51577] PHP Fatal error:  Maximum execution time of 30 seconds exceeded in C:\\localhost\\results.php on line 12, referer: http://localhost/task.html
Системе не удается найти указанный путь.
[Fri Dec 24 01:06:54.302939 2021] [php:error] [pid 18268:tid 848] [client ::1:51597] PHP Fatal error:  Maximum execution time of 30 seconds exceeded in C:\\localhost\\results.php on line 12, referer: http://localhost/task.html
Системе не удается найти указанный путь.
[Fri Dec 24 01:07:59.960859 2021] [php:error] [pid 18268:tid 824] [client ::1:51603] PHP Fatal error:  Maximum execution time of 30 seconds exceeded in C:\\localhost\\results.php on line 12, referer: http://localhost/task.html
Системе не удается найти указанный путь.
[Fri Dec 24 01:09:25.526245 2021] [php:error] [pid 18268:tid 876] [client ::1:51596] PHP Fatal error:  Maximum execution time of 30 seconds exceeded in C:\\localhost\\results.php on line 12, referer: http://localhost/task.html
Системе не удается найти указанный путь.
[Fri Dec 24 01:11:41.402005 2021] [php:error] [pid 18268:tid 880] [client ::1:51601] PHP Fatal error:  Maximum execution time of 30 seconds exceeded in C:\\localhost\\results.php on line 12, referer: http://localhost/task.html
